[28/Jul/2015 13:54:09]"GET /static/game/index_game.html HTTP/1.1" 304 0
[28/Jul/2015 13:54:10]"GET /static/game/scripts/ClausePiece.js?1.001 HTTP/1.1" 304 0
[28/Jul/2015 13:54:10]"POST /generate_problem/ HTTP/1.1" 200 214
[28/Jul/2015 13:54:11]"POST /get_saved_game/ HTTP/1.1" 200 2
[28/Jul/2015 13:55:05]"GET / HTTP/1.1" 200 14234
[28/Jul/2015 18:10:20]"GET / HTTP/1.1" 200 12795
[28/Jul/2015 18:10:21]"GET /static/images/thinkagain_logo.png HTTP/1.1" 200 5861
[28/Jul/2015 18:10:25]"GET /favicon.ico HTTP/1.1" 404 3632
[28/Jul/2015 18:10:35]"POST /login/ HTTP/1.1" 200 21
[28/Jul/2015 18:10:40]"POST /login/ HTTP/1.1" 200 21
[28/Jul/2015 18:10:45]"POST /login/ HTTP/1.1" 200 21
[28/Jul/2015 18:10:54]"POST /login/ HTTP/1.1" 200 21
[28/Jul/2015 18:11:18]"POST /login/ HTTP/1.1" 200 21
[28/Jul/2015 18:11:18]"GET /game_menu/ HTTP/1.1" 200 2620
[28/Jul/2015 18:11:18]"GET /cgi-bin/get_problem_files.py/ HTTP/1.1" 200 200
[28/Jul/2015 18:11:29]"GET /game/ HTTP/1.1" 302 0
[28/Jul/2015 18:11:29]"GET /static/game/index_game.html HTTP/1.1" 200 10626
[28/Jul/2015 18:11:29]"GET /static/game/scripts/PieceManager.js?1.002 HTTP/1.1" 200 10953
[28/Jul/2015 18:11:29]"GET /static/game/scripts/ClausePiece.js?1.001 HTTP/1.1" 200 26505
[28/Jul/2015 18:11:29]"GET /static/game/scripts/BranchExplorer.js?1.0 HTTP/1.1" 200 7375
[28/Jul/2015 18:11:29]"GET /static/game/CSS/normalize.css HTTP/1.1" 200 7797
[28/Jul/2015 18:11:29]"GET /static/game/scripts/tutorial.js?1.002 HTTP/1.1" 200 6367
[28/Jul/2015 18:11:29]"GET /static/game/scripts/game.js?1.002 HTTP/1.1" 200 11776
[28/Jul/2015 18:11:29]"GET /static/game/images/menu_nav.png HTTP/1.1" 200 1247
[28/Jul/2015 18:11:29]"GET /static/game/images/bin.png HTTP/1.1" 200 7104
[28/Jul/2015 18:11:29]"GET /static/game/images/Close.png HTTP/1.1" 200 31448
[28/Jul/2015 18:11:29]"GET /static/game/images/zoom_in.png HTTP/1.1" 200 37078
[28/Jul/2015 18:11:30]"GET /static/game/images/zoom_out.png HTTP/1.1" 200 34588
[28/Jul/2015 18:11:30]"GET /static/game/images/pause.png HTTP/1.1" 200 4145
[28/Jul/2015 18:11:30]"GET /static/game/sounds/bubble.wav HTTP/1.1" 200 112156
[28/Jul/2015 18:11:30]"GET /static/game/sounds/cheer.mp3 HTTP/1.1" 200 55632
[28/Jul/2015 18:11:30]"POST /generate_problem/ HTTP/1.1" 200 70
[28/Jul/2015 18:11:31]"POST /get_saved_game/ HTTP/1.1" 200 2
[28/Jul/2015 18:11:31]"GET /static/game/images/smiley.jpg HTTP/1.1" 200 18351
[28/Jul/2015 18:12:00]"GET /game/ HTTP/1.1" 302 0
[28/Jul/2015 18:12:00]"POST /generate_problem/ HTTP/1.1" 200 356
[28/Jul/2015 18:12:01]"POST /get_saved_game/ HTTP/1.1" 200 2106
[28/Jul/2015 18:15:15]"GET /game/ HTTP/1.1" 302 0
[28/Jul/2015 18:15:16]"POST /generate_problem/ HTTP/1.1" 200 192
[28/Jul/2015 18:15:16]"POST /get_saved_game/ HTTP/1.1" 200 2
[28/Jul/2015 18:15:38]"GET /game/ HTTP/1.1" 302 0
[28/Jul/2015 18:15:38]"POST /generate_problem/ HTTP/1.1" 200 356
[28/Jul/2015 18:15:39]"POST /get_saved_game/ HTTP/1.1" 200 2106
[28/Jul/2015 18:15:57]"GET /game/ HTTP/1.1" 302 0
[28/Jul/2015 18:15:58]"POST /generate_problem/ HTTP/1.1" 200 356
[28/Jul/2015 18:15:58]"POST /get_saved_game/ HTTP/1.1" 200 2106
[28/Jul/2015 18:16:12]"GET /game/ HTTP/1.1" 302 0
[28/Jul/2015 18:16:13]"POST /generate_problem/ HTTP/1.1" 200 214
[28/Jul/2015 18:16:13]"POST /get_saved_game/ HTTP/1.1" 200 2
[28/Jul/2015 18:16:21]"POST /save_step/ HTTP/1.1" 200 117
[28/Jul/2015 18:17:31]"POST /save_step/ HTTP/1.1" 200 118
[28/Jul/2015 18:17:40]"POST /save_step/ HTTP/1.1" 200 121
[28/Jul/2015 18:21:38]"POST /save_step/ HTTP/1.1" 200 117
[28/Jul/2015 18:21:42]"POST /save_step/ HTTP/1.1" 200 119
[28/Jul/2015 18:21:45]"POST /save_step/ HTTP/1.1" 200 116
[28/Jul/2015 18:21:50]"POST /save_step/ HTTP/1.1" 200 113
[28/Jul/2015 18:21:59]"POST /save_step/ HTTP/1.1" 200 114
[28/Jul/2015 18:23:10]"GET /static/game/index_game.html HTTP/1.1" 304 0
[28/Jul/2015 18:23:10]"POST /generate_problem/ HTTP/1.1" 200 214
[28/Jul/2015 18:23:11]"POST /get_saved_game/ HTTP/1.1" 200 955
[28/Jul/2015 18:26:45]"GET /static/game/index_game.html HTTP/1.1" 304 0
[28/Jul/2015 18:26:46]"POST /generate_problem/ HTTP/1.1" 200 214
[28/Jul/2015 18:26:46]"POST /get_saved_game/ HTTP/1.1" 200 955
[28/Jul/2015 18:29:02]"GET / HTTP/1.1" 200 14239
[28/Jul/2015 18:29:02]"GET /static/images/thinkagain_logo.png HTTP/1.1" 200 5861
[28/Jul/2015 18:29:03]"GET /favicon.ico HTTP/1.1" 404 3632
[28/Jul/2015 18:29:03]"GET /favicon.ico HTTP/1.1" 404 3632
[28/Jul/2015 18:29:05]"GET /game_menu/ HTTP/1.1" 200 2623
[28/Jul/2015 18:29:05]"GET /cgi-bin/get_problem_files.py/ HTTP/1.1" 200 200
[28/Jul/2015 18:29:07]"GET /game/ HTTP/1.1" 302 0
[28/Jul/2015 18:29:07]"GET /static/game/index_game.html HTTP/1.1" 200 10626
[28/Jul/2015 18:29:07]"GET /static/game/scripts/tutorial.js?1.002 HTTP/1.1" 200 6367
[28/Jul/2015 18:29:07]"GET /static/game/scripts/ClausePiece.js?1.001 HTTP/1.1" 200 26505
[28/Jul/2015 18:29:07]"GET /static/game/scripts/PieceManager.js?1.002 HTTP/1.1" 200 10953
[28/Jul/2015 18:29:07]"GET /static/game/CSS/normalize.css HTTP/1.1" 200 7797
[28/Jul/2015 18:29:07]"GET /static/game/scripts/game.js?1.002 HTTP/1.1" 200 11776
[28/Jul/2015 18:29:07]"GET /static/game/scripts/BranchExplorer.js?1.0 HTTP/1.1" 200 7375
[28/Jul/2015 18:29:07]"GET /static/game/images/menu_nav.png HTTP/1.1" 200 1247
[28/Jul/2015 18:29:07]"GET /static/game/images/zoom_in.png HTTP/1.1" 200 37078
[28/Jul/2015 18:29:07]"GET /static/game/images/pause.png HTTP/1.1" 200 4145
[28/Jul/2015 18:29:07]"GET /static/game/images/bin.png HTTP/1.1" 200 7104
[28/Jul/2015 18:29:07]"GET /static/game/images/Close.png HTTP/1.1" 200 31448
[28/Jul/2015 18:29:07]"GET /static/game/images/zoom_out.png HTTP/1.1" 200 34588
[28/Jul/2015 18:29:07]"GET /static/game/sounds/bubble.wav HTTP/1.1" 200 112156
[28/Jul/2015 18:29:07]"GET /static/game/sounds/cheer.mp3 HTTP/1.1" 200 55632
[28/Jul/2015 18:29:07]"POST /generate_problem/ HTTP/1.1" 200 70
[28/Jul/2015 18:29:07]"GET /static/game/images/smiley.jpg HTTP/1.1" 200 18351
[28/Jul/2015 18:29:07]"POST /get_saved_game/ HTTP/1.1" 200 2
[28/Jul/2015 18:29:12]"POST /save_step/ HTTP/1.1" 200 103
[28/Jul/2015 18:29:15]"GET /static/game/images/star.jpg HTTP/1.1" 200 10210
[28/Jul/2015 18:29:16]"POST /save_step/ HTTP/1.1" 200 97
[28/Jul/2015 18:29:18]"GET /cgi-bin/get_problem_files.py HTTP/1.1" 301 0
[28/Jul/2015 18:29:19]"GET /cgi-bin/get_problem_files.py/ HTTP/1.1" 200 200
[28/Jul/2015 18:29:19]"GET /static/game/scripts/BranchExplorer.js?1.0 HTTP/1.1" 304 0
[28/Jul/2015 18:29:19]"GET /static/game/scripts/PieceManager.js?1.002 HTTP/1.1" 304 0
[28/Jul/2015 18:29:19]"GET /static/game/scripts/ClausePiece.js?1.001 HTTP/1.1" 304 0
[28/Jul/2015 18:29:19]"GET /static/game/scripts/tutorial.js?1.002 HTTP/1.1" 304 0
[28/Jul/2015 18:29:19]"GET /static/game/scripts/game.js?1.002 HTTP/1.1" 304 0
[28/Jul/2015 18:29:19]"POST /generate_problem/ HTTP/1.1" 200 192
[28/Jul/2015 18:29:19]"POST /get_saved_game/ HTTP/1.1" 200 2
[28/Jul/2015 18:29:47]"POST /save_step/ HTTP/1.1" 200 106
[28/Jul/2015 18:30:10]"POST /save_step/ HTTP/1.1" 200 106
[28/Jul/2015 18:30:19]"POST /save_step/ HTTP/1.1" 200 106
[28/Jul/2015 18:30:44]"POST /save_step/ HTTP/1.1" 200 106
[28/Jul/2015 18:30:56]"POST /save_step/ HTTP/1.1" 200 108
[28/Jul/2015 18:30:59]"POST /save_step/ HTTP/1.1" 200 107
[28/Jul/2015 18:31:03]"POST /save_step/ HTTP/1.1" 200 105
[28/Jul/2015 18:31:06]"POST /save_step/ HTTP/1.1" 200 107
[28/Jul/2015 18:31:10]"POST /save_step/ HTTP/1.1" 200 107
[28/Jul/2015 18:31:13]"POST /save_step/ HTTP/1.1" 200 102
[28/Jul/2015 18:31:15]"GET /cgi-bin/get_problem_files.py/ HTTP/1.1" 200 200
[28/Jul/2015 18:31:15]"GET /static/game/scripts/PieceManager.js?1.002 HTTP/1.1" 304 0
[28/Jul/2015 18:31:15]"GET /static/game/scripts/BranchExplorer.js?1.0 HTTP/1.1" 304 0
[28/Jul/2015 18:31:15]"GET /static/game/scripts/game.js?1.002 HTTP/1.1" 304 0
[28/Jul/2015 18:31:15]"GET /static/game/scripts/tutorial.js?1.002 HTTP/1.1" 304 0
[28/Jul/2015 18:31:15]"GET /static/game/scripts/ClausePiece.js?1.001 HTTP/1.1" 304 0
[28/Jul/2015 18:31:15]"POST /generate_problem/ HTTP/1.1" 200 214
[28/Jul/2015 18:31:15]"POST /get_saved_game/ HTTP/1.1" 200 4754
[28/Jul/2015 18:31:40]"GET / HTTP/1.1" 200 14239
[28/Jul/2015 18:31:43]"GET /game_menu/ HTTP/1.1" 200 2623
[28/Jul/2015 18:31:43]"GET /cgi-bin/get_problem_files.py/ HTTP/1.1" 200 200
[28/Jul/2015 18:31:49]"GET /game/ HTTP/1.1" 302 0
[28/Jul/2015 18:31:49]"GET /static/game/scripts/PieceManager.js?1.002 HTTP/1.1" 304 0
[28/Jul/2015 18:31:49]"GET /static/game/scripts/tutorial.js?1.002 HTTP/1.1" 304 0
[28/Jul/2015 18:31:49]"GET /static/game/scripts/ClausePiece.js?1.001 HTTP/1.1" 304 0
[28/Jul/2015 18:31:49]"GET /static/game/scripts/game.js?1.002 HTTP/1.1" 304 0
[28/Jul/2015 18:31:49]"GET /static/game/scripts/BranchExplorer.js?1.0 HTTP/1.1" 304 0
[28/Jul/2015 18:31:49]"POST /generate_problem/ HTTP/1.1" 200 356
[28/Jul/2015 18:31:49]"POST /get_saved_game/ HTTP/1.1" 200 9391
[28/Jul/2015 18:32:04]"GET / HTTP/1.1" 200 14239
[28/Jul/2015 18:32:07]"GET /game_menu/ HTTP/1.1" 200 2623
[28/Jul/2015 18:32:07]"GET /cgi-bin/get_problem_files.py/ HTTP/1.1" 200 200
[28/Jul/2015 18:32:13]"GET /game/ HTTP/1.1" 302 0
[28/Jul/2015 18:32:13]"GET /static/game/scripts/ClausePiece.js?1.001 HTTP/1.1" 304 0
[28/Jul/2015 18:32:13]"GET /static/game/scripts/tutorial.js?1.002 HTTP/1.1" 304 0
[28/Jul/2015 18:32:13]"GET /static/game/scripts/BranchExplorer.js?1.0 HTTP/1.1" 304 0
[28/Jul/2015 18:32:13]"GET /static/game/scripts/game.js?1.002 HTTP/1.1" 304 0
[28/Jul/2015 18:32:13]"GET /static/game/scripts/PieceManager.js?1.002 HTTP/1.1" 304 0
[28/Jul/2015 18:32:13]"POST /generate_problem/ HTTP/1.1" 200 488
[28/Jul/2015 18:32:13]"POST /get_saved_game/ HTTP/1.1" 200 18925
[28/Jul/2015 18:32:52]"GET / HTTP/1.1" 200 14239
[28/Jul/2015 18:32:55]"GET /game_menu/ HTTP/1.1" 200 2623
[28/Jul/2015 18:32:55]"GET /cgi-bin/get_problem_files.py/ HTTP/1.1" 200 200
[28/Jul/2015 18:33:01]"GET /game/ HTTP/1.1" 302 0
[28/Jul/2015 18:33:01]"GET /static/game/scripts/BranchExplorer.js?1.0 HTTP/1.1" 304 0
[28/Jul/2015 18:33:01]"GET /static/game/scripts/game.js?1.002 HTTP/1.1" 304 0
[28/Jul/2015 18:33:01]"GET /static/game/scripts/PieceManager.js?1.002 HTTP/1.1" 304 0
[28/Jul/2015 18:33:01]"GET /static/game/scripts/ClausePiece.js?1.001 HTTP/1.1" 304 0
[28/Jul/2015 18:33:01]"GET /static/game/scripts/tutorial.js?1.002 HTTP/1.1" 304 0
[28/Jul/2015 18:33:01]"POST /generate_problem/ HTTP/1.1" 200 70
[28/Jul/2015 18:33:01]"POST /get_saved_game/ HTTP/1.1" 200 2
[28/Jul/2015 18:33:07]"GET / HTTP/1.1" 200 14239
[28/Jul/2015 18:33:10]"GET /game_menu/ HTTP/1.1" 200 2623
[28/Jul/2015 18:33:10]"GET /cgi-bin/get_problem_files.py/ HTTP/1.1" 200 200
[28/Jul/2015 18:33:15]"GET /game/ HTTP/1.1" 302 0
[28/Jul/2015 18:33:15]"GET /static/game/scripts/ClausePiece.js?1.001 HTTP/1.1" 304 0
[28/Jul/2015 18:33:15]"GET /static/game/scripts/game.js?1.002 HTTP/1.1" 304 0
[28/Jul/2015 18:33:15]"GET /static/game/scripts/tutorial.js?1.002 HTTP/1.1" 304 0
[28/Jul/2015 18:33:15]"GET /static/game/scripts/BranchExplorer.js?1.0 HTTP/1.1" 304 0
[28/Jul/2015 18:33:15]"GET /static/game/scripts/PieceManager.js?1.002 HTTP/1.1" 304 0
[28/Jul/2015 18:33:15]"POST /generate_problem/ HTTP/1.1" 200 660
[28/Jul/2015 18:33:15]"POST /get_saved_game/ HTTP/1.1" 200 29644
[28/Jul/2015 18:57:19]"GET / HTTP/1.1" 200 14235
[28/Jul/2015 18:57:21]"GET /static/images/thinkagain_logo.png HTTP/1.1" 200 5861
[28/Jul/2015 18:57:22]"GET /favicon.ico HTTP/1.1" 404 3632
[28/Jul/2015 18:57:42]"GET /game_menu/ HTTP/1.1" 200 2620
[28/Jul/2015 18:57:43]"GET /cgi-bin/get_problem_files.py/ HTTP/1.1" 200 200
[28/Jul/2015 18:57:47]"GET /game/ HTTP/1.1" 302 0
[28/Jul/2015 18:57:47]"GET /static/game/index_game.html HTTP/1.1" 200 10626
[28/Jul/2015 18:57:48]"GET /static/game/scripts/PieceManager.js?1.002 HTTP/1.1" 200 10953
[28/Jul/2015 18:57:48]"GET /static/game/scripts/ClausePiece.js?1.001 HTTP/1.1" 200 26505
[28/Jul/2015 18:57:48]"GET /static/game/scripts/BranchExplorer.js?1.0 HTTP/1.1" 200 7375
[28/Jul/2015 18:57:48]"GET /static/game/scripts/tutorial.js?1.002 HTTP/1.1" 200 6367
[28/Jul/2015 18:57:48]"GET /static/game/scripts/game.js?1.002 HTTP/1.1" 200 11776
[28/Jul/2015 18:57:49]"GET /static/game/CSS/normalize.css HTTP/1.1" 200 7797
[28/Jul/2015 18:57:49]"GET /static/game/images/menu_nav.png HTTP/1.1" 200 1247
[28/Jul/2015 18:57:50]"GET /static/game/images/bin.png HTTP/1.1" 200 7104
[28/Jul/2015 18:57:50]"GET /static/game/sounds/cheer.mp3 HTTP/1.1" 200 55632
[28/Jul/2015 18:57:50]"GET /static/game/images/Close.png HTTP/1.1" 200 31448
[28/Jul/2015 18:57:50]"GET /static/game/images/zoom_in.png HTTP/1.1" 200 37078
[28/Jul/2015 18:57:50]"GET /static/game/images/zoom_out.png HTTP/1.1" 200 34588
[28/Jul/2015 18:57:50]"GET /static/game/images/pause.png HTTP/1.1" 200 4145
[28/Jul/2015 18:57:50]"GET /static/game/sounds/bubble.wav HTTP/1.1" 200 112156
[28/Jul/2015 18:57:51]"POST /generate_problem/ HTTP/1.1" 200 488
[28/Jul/2015 18:57:51]"POST /get_saved_game/ HTTP/1.1" 200 7174
[28/Jul/2015 18:57:52]"GET /static/game/images/smiley.jpg HTTP/1.1" 200 18351
[31/Jul/2015 19:02:34]"GET / HTTP/1.1" 200 14239
[31/Jul/2015 19:02:35]"GET /static/images/thinkagain_logo.png HTTP/1.1" 200 5861
[31/Jul/2015 19:02:35]"GET /favicon.ico HTTP/1.1" 404 3632
[31/Jul/2015 19:02:35]"GET /favicon.ico HTTP/1.1" 404 3632
[31/Jul/2015 19:02:37]"GET /game_menu/ HTTP/1.1" 200 2623
[31/Jul/2015 19:02:37]"GET /cgi-bin/get_problem_files.py/ HTTP/1.1" 200 200
[31/Jul/2015 19:02:47]"GET /game/ HTTP/1.1" 302 0
[31/Jul/2015 19:02:47]"GET /static/game/index_game.html HTTP/1.1" 200 10626
[31/Jul/2015 19:02:47]"GET /static/game/scripts/tutorial.js?1.002 HTTP/1.1" 200 6367
[31/Jul/2015 19:02:47]"GET /static/game/scripts/PieceManager.js?1.002 HTTP/1.1" 200 10953
[31/Jul/2015 19:02:47]"GET /static/game/scripts/BranchExplorer.js?1.0 HTTP/1.1" 200 7375
[31/Jul/2015 19:02:47]"GET /static/game/scripts/game.js?1.002 HTTP/1.1" 200 11776
[31/Jul/2015 19:02:47]"GET /static/game/CSS/normalize.css HTTP/1.1" 200 7797
[31/Jul/2015 19:02:47]"GET /static/game/scripts/ClausePiece.js?1.001 HTTP/1.1" 200 26505
[31/Jul/2015 19:02:48]"GET /static/game/images/menu_nav.png HTTP/1.1" 200 1247
[31/Jul/2015 19:02:48]"GET /static/game/images/bin.png HTTP/1.1" 200 7104
[31/Jul/2015 19:02:48]"GET /static/game/images/pause.png HTTP/1.1" 200 4145
[31/Jul/2015 19:02:48]"GET /static/game/images/Close.png HTTP/1.1" 200 31448
[31/Jul/2015 19:02:48]"GET /static/game/images/zoom_in.png HTTP/1.1" 200 37078
[31/Jul/2015 19:02:48]"GET /static/game/images/zoom_out.png HTTP/1.1" 200 34588
[31/Jul/2015 19:02:48]"GET /static/game/sounds/cheer.mp3 HTTP/1.1" 200 55632
[31/Jul/2015 19:02:48]"GET /static/game/sounds/bubble.wav HTTP/1.1" 200 112156
[31/Jul/2015 19:02:48]"POST /generate_problem/ HTTP/1.1" 200 214
[31/Jul/2015 19:02:48]"GET /static/game/images/smiley.jpg HTTP/1.1" 200 18351
[31/Jul/2015 19:02:48]"POST /get_saved_game/ HTTP/1.1" 200 4754
[31/Jul/2015 19:02:49]"GET /static/game/images/star.jpg HTTP/1.1" 200 10210
[31/Jul/2015 19:03:09]"GET / HTTP/1.1" 200 14239
[31/Jul/2015 19:03:12]"GET /game_menu/ HTTP/1.1" 200 2623
[31/Jul/2015 19:03:12]"GET /cgi-bin/get_problem_files.py/ HTTP/1.1" 200 200
[31/Jul/2015 19:03:17]"GET /game/ HTTP/1.1" 302 0
[31/Jul/2015 19:03:17]"GET /static/game/scripts/PieceManager.js?1.002 HTTP/1.1" 304 0
[31/Jul/2015 19:03:17]"GET /static/game/scripts/BranchExplorer.js?1.0 HTTP/1.1" 304 0
[31/Jul/2015 19:03:17]"GET /static/game/scripts/ClausePiece.js?1.001 HTTP/1.1" 304 0
[31/Jul/2015 19:03:17]"GET /static/game/scripts/game.js?1.002 HTTP/1.1" 304 0
[31/Jul/2015 19:03:17]"GET /static/game/scripts/tutorial.js?1.002 HTTP/1.1" 304 0
[31/Jul/2015 19:03:18]"POST /generate_problem/ HTTP/1.1" 200 70
[31/Jul/2015 19:03:18]"POST /get_saved_game/ HTTP/1.1" 200 2
[31/Jul/2015 19:03:27]"GET / HTTP/1.1" 200 14239
[31/Jul/2015 19:03:30]"GET /game_menu/ HTTP/1.1" 200 2623
[31/Jul/2015 19:03:30]"GET /cgi-bin/get_problem_files.py/ HTTP/1.1" 200 200
[31/Jul/2015 19:03:35]"GET /game/ HTTP/1.1" 302 0
[31/Jul/2015 19:03:35]"GET /static/game/scripts/PieceManager.js?1.002 HTTP/1.1" 304 0
[31/Jul/2015 19:03:35]"GET /static/game/scripts/tutorial.js?1.002 HTTP/1.1" 304 0
[31/Jul/2015 19:03:35]"GET /static/game/scripts/BranchExplorer.js?1.0 HTTP/1.1" 304 0
[31/Jul/2015 19:03:35]"GET /static/game/scripts/game.js?1.002 HTTP/1.1" 304 0
[31/Jul/2015 19:03:35]"GET /static/game/scripts/ClausePiece.js?1.001 HTTP/1.1" 304 0
[31/Jul/2015 19:03:35]"POST /generate_problem/ HTTP/1.1" 200 660
[31/Jul/2015 19:03:36]"POST /get_saved_game/ HTTP/1.1" 200 29644
[03/Aug/2015 14:20:25]"GET / HTTP/1.1" 200 14239
[03/Aug/2015 14:20:25]"GET /static/images/thinkagain_logo.png HTTP/1.1" 304 0
[03/Aug/2015 14:20:25]"GET /favicon.ico HTTP/1.1" 404 3632
[03/Aug/2015 14:20:25]"GET /favicon.ico HTTP/1.1" 404 3632
[03/Aug/2015 14:20:27]"GET /game_menu/ HTTP/1.1" 200 2623
[03/Aug/2015 14:20:27]"GET /cgi-bin/get_problem_files.py/ HTTP/1.1" 200 200
[03/Aug/2015 14:20:34]"GET /game/ HTTP/1.1" 302 0
[03/Aug/2015 14:20:34]"GET /static/game/index_game.html HTTP/1.1" 304 0
[03/Aug/2015 14:20:34]"GET /static/game/scripts/PieceManager.js?1.002 HTTP/1.1" 304 0
[03/Aug/2015 14:20:34]"GET /static/game/scripts/game.js?1.002 HTTP/1.1" 304 0
[03/Aug/2015 14:20:34]"GET /static/game/scripts/tutorial.js?1.002 HTTP/1.1" 304 0
[03/Aug/2015 14:20:34]"GET /static/game/CSS/normalize.css HTTP/1.1" 304 0
[03/Aug/2015 14:20:34]"GET /static/game/scripts/ClausePiece.js?1.001 HTTP/1.1" 304 0
[03/Aug/2015 14:20:34]"GET /static/game/scripts/BranchExplorer.js?1.0 HTTP/1.1" 304 0
[03/Aug/2015 14:20:34]"GET /static/game/images/pause.png HTTP/1.1" 304 0
[03/Aug/2015 14:20:35]"GET /static/game/images/bin.png HTTP/1.1" 304 0
[03/Aug/2015 14:20:35]"GET /static/game/images/zoom_out.png HTTP/1.1" 304 0
[03/Aug/2015 14:20:35]"GET /static/game/images/zoom_in.png HTTP/1.1" 304 0
[03/Aug/2015 14:20:35]"GET /static/game/images/menu_nav.png HTTP/1.1" 304 0
[03/Aug/2015 14:20:35]"GET /static/game/images/Close.png HTTP/1.1" 304 0
[03/Aug/2015 14:20:35]"GET /static/game/sounds/cheer.mp3 HTTP/1.1" 304 0
[03/Aug/2015 14:20:35]"GET /static/game/sounds/bubble.wav HTTP/1.1" 304 0
[03/Aug/2015 14:20:35]"POST /generate_problem/ HTTP/1.1" 200 660
[03/Aug/2015 14:20:35]"GET /static/game/images/smiley.jpg HTTP/1.1" 304 0
[03/Aug/2015 14:20:35]"POST /get_saved_game/ HTTP/1.1" 200 29644
[05/Aug/2015 14:37:26]"GET / HTTP/1.1" 200 14239
[05/Aug/2015 14:37:26]"GET /static/images/thinkagain_logo.png HTTP/1.1" 304 0
[05/Aug/2015 14:37:26]"GET /favicon.ico HTTP/1.1" 404 3632
[05/Aug/2015 14:37:26]"GET /favicon.ico HTTP/1.1" 404 3632
[05/Aug/2015 14:37:28]"GET /game_menu/ HTTP/1.1" 200 2623
[05/Aug/2015 14:37:28]"GET /cgi-bin/get_problem_files.py/ HTTP/1.1" 200 200
[05/Aug/2015 14:37:33]"GET /game/ HTTP/1.1" 302 0
[05/Aug/2015 14:37:33]"GET /static/game/index_game.html HTTP/1.1" 304 0
[05/Aug/2015 14:37:33]"GET /static/game/scripts/BranchExplorer.js?1.0 HTTP/1.1" 304 0
[05/Aug/2015 14:37:33]"GET /static/game/scripts/PieceManager.js?1.002 HTTP/1.1" 304 0
[05/Aug/2015 14:37:33]"GET /static/game/scripts/ClausePiece.js?1.001 HTTP/1.1" 304 0
[05/Aug/2015 14:37:33]"GET /static/game/scripts/tutorial.js?1.002 HTTP/1.1" 304 0
[05/Aug/2015 14:37:33]"GET /static/game/CSS/normalize.css HTTP/1.1" 304 0
[05/Aug/2015 14:37:33]"GET /static/game/scripts/game.js?1.002 HTTP/1.1" 304 0
[05/Aug/2015 14:37:33]"GET /static/game/images/zoom_in.png HTTP/1.1" 304 0
[05/Aug/2015 14:37:33]"GET /static/game/images/Close.png HTTP/1.1" 304 0
[05/Aug/2015 14:37:33]"GET /static/game/images/zoom_out.png HTTP/1.1" 304 0
[05/Aug/2015 14:37:33]"GET /static/game/images/bin.png HTTP/1.1" 304 0
[05/Aug/2015 14:37:33]"GET /static/game/images/menu_nav.png HTTP/1.1" 304 0
[05/Aug/2015 14:37:33]"GET /static/game/images/pause.png HTTP/1.1" 304 0
[05/Aug/2015 14:37:33]"GET /static/game/sounds/cheer.mp3 HTTP/1.1" 304 0
[05/Aug/2015 14:37:33]"GET /static/game/sounds/bubble.wav HTTP/1.1" 304 0
[05/Aug/2015 14:37:33]"POST /generate_problem/ HTTP/1.1" 200 214
[05/Aug/2015 14:37:33]"GET /static/game/images/smiley.jpg HTTP/1.1" 304 0
[05/Aug/2015 14:37:33]"POST /get_saved_game/ HTTP/1.1" 200 4754
[05/Aug/2015 14:37:33]"GET /static/game/images/star.jpg HTTP/1.1" 304 0
[05/Aug/2015 14:38:10]"GET / HTTP/1.1" 200 14239
[05/Aug/2015 14:38:12]"GET /game_menu/ HTTP/1.1" 200 2623
[05/Aug/2015 14:38:13]"GET /cgi-bin/get_problem_files.py/ HTTP/1.1" 200 200
[05/Aug/2015 14:38:23]"GET /game/ HTTP/1.1" 302 0
[05/Aug/2015 14:38:23]"GET /static/game/scripts/BranchExplorer.js?1.0 HTTP/1.1" 304 0
[05/Aug/2015 14:38:23]"GET /static/game/scripts/tutorial.js?1.002 HTTP/1.1" 304 0
[05/Aug/2015 14:38:23]"GET /static/game/scripts/game.js?1.002 HTTP/1.1" 304 0
[05/Aug/2015 14:38:23]"GET /static/game/scripts/PieceManager.js?1.002 HTTP/1.1" 304 0
[05/Aug/2015 14:38:23]"GET /static/game/scripts/ClausePiece.js?1.001 HTTP/1.1" 304 0
[05/Aug/2015 14:38:23]"POST /generate_problem/ HTTP/1.1" 200 660
[05/Aug/2015 14:38:24]"POST /get_saved_game/ HTTP/1.1" 200 29644
[07/Aug/2015 19:06:37]"GET / HTTP/1.1" 200 12795
[07/Aug/2015 19:06:38]"GET /static/images/thinkagain_logo.png HTTP/1.1" 200 5861
[07/Aug/2015 19:06:39]"GET /favicon.ico HTTP/1.1" 404 3632
[07/Aug/2015 19:06:39]"GET /favicon.ico HTTP/1.1" 404 3632
[07/Aug/2015 19:06:45]"POST /login/ HTTP/1.1" 200 21
[07/Aug/2015 19:06:45]"GET /game_menu/ HTTP/1.1" 200 2623
[07/Aug/2015 19:06:45]"GET /cgi-bin/get_problem_files.py/ HTTP/1.1" 200 200
[07/Aug/2015 19:06:49]"GET /game/ HTTP/1.1" 302 0
[07/Aug/2015 19:06:49]"GET /static/game/index_game.html HTTP/1.1" 200 10626
[07/Aug/2015 19:06:49]"GET /static/game/scripts/PieceManager.js?1.002 HTTP/1.1" 200 10953
[07/Aug/2015 19:06:49]"GET /static/game/scripts/BranchExplorer.js?1.0 HTTP/1.1" 200 7375
[07/Aug/2015 19:06:49]"GET /static/game/scripts/tutorial.js?1.002 HTTP/1.1" 200 6367
[07/Aug/2015 19:06:49]"GET /static/game/CSS/normalize.css HTTP/1.1" 200 7797
[07/Aug/2015 19:06:49]"GET /static/game/scripts/game.js?1.002 HTTP/1.1" 200 11776
[07/Aug/2015 19:06:49]"GET /static/game/scripts/ClausePiece.js?1.001 HTTP/1.1" 200 26505
[07/Aug/2015 19:06:50]"GET /static/game/images/bin.png HTTP/1.1" 200 7104
[07/Aug/2015 19:06:50]"GET /static/game/images/menu_nav.png HTTP/1.1" 200 1247
[07/Aug/2015 19:06:50]"GET /static/game/images/pause.png HTTP/1.1" 200 4145
[07/Aug/2015 19:06:50]"GET /static/game/images/zoom_in.png HTTP/1.1" 200 37078
[07/Aug/2015 19:06:51]"GET /static/game/images/Close.png HTTP/1.1" 200 31448
[07/Aug/2015 19:06:51]"GET /static/game/images/zoom_out.png HTTP/1.1" 200 34588
[07/Aug/2015 19:06:51]"GET /static/game/sounds/bubble.wav HTTP/1.1" 200 112156
[07/Aug/2015 19:06:51]"GET /static/game/sounds/cheer.mp3 HTTP/1.1" 200 55632
[07/Aug/2015 19:06:51]"POST /generate_problem/ HTTP/1.1" 200 70
[07/Aug/2015 19:06:52]"GET /static/game/images/smiley.jpg HTTP/1.1" 200 18351
[07/Aug/2015 19:06:52]"POST /get_saved_game/ HTTP/1.1" 200 2
[07/Aug/2015 19:06:59]"GET / HTTP/1.1" 200 14239
[07/Aug/2015 19:07:01]"GET /game_menu/ HTTP/1.1" 200 2623
[07/Aug/2015 19:07:01]"GET /cgi-bin/get_problem_files.py/ HTTP/1.1" 200 200
[07/Aug/2015 19:07:04]"GET /game/ HTTP/1.1" 302 0
[07/Aug/2015 19:07:05]"GET /static/game/scripts/PieceManager.js?1.002 HTTP/1.1" 304 0
[07/Aug/2015 19:07:05]"GET /static/game/scripts/BranchExplorer.js?1.0 HTTP/1.1" 304 0
[07/Aug/2015 19:07:05]"GET /static/game/scripts/ClausePiece.js?1.001 HTTP/1.1" 304 0
[07/Aug/2015 19:07:05]"GET /static/game/scripts/tutorial.js?1.002 HTTP/1.1" 304 0
[07/Aug/2015 19:07:05]"GET /static/game/scripts/game.js?1.002 HTTP/1.1" 304 0
[07/Aug/2015 19:07:05]"POST /generate_problem/ HTTP/1.1" 200 356
[07/Aug/2015 19:07:05]"POST /get_saved_game/ HTTP/1.1" 200 9391
[07/Aug/2015 19:07:06]"GET /static/game/images/star.jpg HTTP/1.1" 200 10210
[10/Aug/2015 19:10:32]"GET / HTTP/1.1" 200 12795
[10/Aug/2015 19:10:32]"GET /static/images/thinkagain_logo.png HTTP/1.1" 200 5861
[10/Aug/2015 19:10:32]"GET /favicon.ico HTTP/1.1" 404 3632
[10/Aug/2015 19:10:42]"POST /login/ HTTP/1.1" 200 21
